Arguments: 
  /usr/local/Cellar/node/12.9.0/bin/node /usr/local/Cellar/yarn/1.17.3/libexec/bin/yarn.js add @types/clsx

PATH: 
  /Users/whitm263/worldchat/venv/bin:/usr/local/Cellar/maven/3.6.1/bin:/Users/whittm/Library/Android/sdk/platform-tools/adb:/Users/whitm263/.pyenv/bin:/usr/local/opt/python/libexec/bin:~/miniconda3/bin:/usr/local/bin:/usr/local/sbin:/usr/local/ruby/bin:/Users/whitm263/.yarn/bin:/Users/whitm263/.config/yarn/global/node_modules/.bin:/usr/local/bin:/usr/bin:/bin:/usr/sbin:/sbin:/usr/local/Cellar/maven/3.6.1/bin:/Users/whittm/Library/Android/sdk/platform-tools/adb:/Users/whitm263/.pyenv/bin:/usr/local/opt/python/libexec/bin:~/miniconda3/bin:/usr/local/sbin:/usr/local/ruby/bin:/Users/whitm263/.yarn/bin:/Users/whitm263/.config/yarn/global/node_modules/.bin:/Users/whitm263/.node/bin:~/go/bin:/Users/whitm263/Library/Android/sdk/tools:/Users/whitm263/Library/Android/sdk/platform-tools:/Users/whitm263/.node/bin:~/go/bin:/Users/whitm263/Library/Android/sdk/tools:/Users/whitm263/Library/Android/sdk/platform-tools

Yarn version: 
  1.17.3

Node version: 
  12.9.0

Platform: 
  darwin x64

Trace: 
  Error: https://registry.yarnpkg.com/@types%2fclsx: Not found
      at Request.params.callback [as _callback] (/usr/local/Cellar/yarn/1.17.3/libexec/lib/cli.js:66830:18)
      at Request.self.callback (/usr/local/Cellar/yarn/1.17.3/libexec/lib/cli.js:140464:22)
      at Request.emit (events.js:209:13)
      at Request.<anonymous> (/usr/local/Cellar/yarn/1.17.3/libexec/lib/cli.js:141436:10)
      at Request.emit (events.js:209:13)
      at IncomingMessage.<anonymous> (/usr/local/Cellar/yarn/1.17.3/libexec/lib/cli.js:141358:12)
      at Object.onceWrapper (events.js:297:20)
      at IncomingMessage.emit (events.js:214:15)
      at endReadableNT (_stream_readable.js:1178:12)
      at processTicksAndRejections (internal/process/task_queues.js:77:11)

npm manifest: 
  {
    "dependencies": {
      "clsx": "^1.1.0"
    }
  }

yarn manifest: 
  No manifest

Lockfile: 
  # THIS IS AN AUTOGENERATED FILE. DO NOT EDIT THIS FILE DIRECTLY.
  # yarn lockfile v1
  
  
  clsx@^1.1.0:
    version "1.1.0"
    resolved "https://registry.yarnpkg.com/clsx/-/clsx-1.1.0.tgz#62937c6adfea771247c34b54d320fb99624f5702"
    integrity sha512-3avwM37fSK5oP6M5rQ9CNe99lwxhXDOeSWVPAOYF6OazUTgZCMb0yWlJpmdD74REy1gkEaFiub2ULv4fq9GUhA==
